[debug] [2022-07-12T04:38:49.447Z] ----------------------------------------------------------------------
[debug] [2022-07-12T04:38:49.450Z] Command:       C:\Program Files\nodejs\node.exe C:\Users\rites\AppData\Roaming\npm\node_modules\firebase-tools\lib\bin\firebase.js init
[debug] [2022-07-12T04:38:49.451Z] CLI Version:   11.2.1
[debug] [2022-07-12T04:38:49.451Z] Platform:      win32
[debug] [2022-07-12T04:38:49.451Z] Node Version:  v16.13.2
[debug] [2022-07-12T04:38:49.452Z] Time:          Tue Jul 12 2022 10:08:49 GMT+0530 (India Standard Time)
[debug] [2022-07-12T04:38:49.453Z] ----------------------------------------------------------------------
[debug] 
[debug] [2022-07-12T04:38:49.463Z] > command requires scopes: ["email","openid","https://www.googleapis.com/auth/cloudplatformprojects.readonly","https://www.googleapis.com/auth/firebase","https://www.googleapis.com/auth/cloud-platform"]
[debug] [2022-07-12T04:38:49.463Z] > authorizing via signed-in user (riteshsihag1@gmail.com)
[info] 
     ######## #### ########  ######## ########     ###     ######  ########
     ##        ##  ##     ## ##       ##     ##  ##   ##  ##       ##
     ######    ##  ########  ######   ########  #########  ######  ######
     ##        ##  ##    ##  ##       ##     ## ##     ##       ## ##
     ##       #### ##     ## ######## ########  ##     ##  ######  ########

You're about to initialize a Firebase project in this directory:

  C:\Users\rites\OneDrive\Desktop\movie-app\17

[info] 
=== Project Setup
[info] 
[info] First, let's associate this project directory with a Firebase project.
[info] You can create multiple project aliases by running firebase use --add, 
[info] but for now we'll just set up a default project.
[info] 
[debug] [2022-07-12T04:39:02.748Z] >>> [apiv2][query] GET https://firebase.googleapis.com/v1beta1/projects pageSize=100
[debug] [2022-07-12T04:39:05.957Z] <<< [apiv2][status] GET https://firebase.googleapis.com/v1beta1/projects 200
[debug] [2022-07-12T04:39:05.957Z] <<< [apiv2][body] GET https://firebase.googleapis.com/v1beta1/projects [omitted]
[info] i  Using project riteshsihag-17-movie-website (riteshsihag-17-movie-website) 
[info] 
=== Hosting Setup
[info] 
[info] Your public directory is the folder (relative to your project directory) that
[info] will contain Hosting assets to be uploaded with firebase deploy. If you
[info] have a build process for your assets, use your build's output directory.
[info] 
[debug] [2022-07-12T04:40:39.540Z] >>> [apiv2][query] GET https://www.gstatic.com/firebasejs/releases.json [none]
[debug] [2022-07-12T04:40:41.943Z] <<< [apiv2][status] GET https://www.gstatic.com/firebasejs/releases.json 200
[debug] [2022-07-12T04:40:41.944Z] <<< [apiv2][body] GET https://www.gstatic.com/firebasejs/releases.json {"current":{"version":"9.9.0","browserURL":"https://www.gstatic.com/firebasejs/9.9.0/firebase.js","packageURL":"https://www.gstatic.com/firebasejs/9.9.0/firebase.tgz"},"live":{"version":"9.9","browserURL":"https://www.gstatic.com/firebasejs/live/9.9/firebase.js","packageURL":"https://www.gstatic.com/firebasejs/live/9.9/firebase.tgz"},"components":{"analytics":"https://www.gstatic.com/firebasejs/9.9.0/firebase-analytics.js","app":"https://www.gstatic.com/firebasejs/9.9.0/firebase-app.js","app-check":"https://www.gstatic.com/firebasejs/9.9.0/firebase-app-check.js","auth":"https://www.gstatic.com/firebasejs/9.9.0/firebase-auth.js","auth/cordova":"https://www.gstatic.com/firebasejs/9.9.0/firebase-auth/cordova.js","auth/react-native":"https://www.gstatic.com/firebasejs/9.9.0/firebase-auth/react-native.js","functions":"https://www.gstatic.com/firebasejs/9.9.0/firebase-functions.js","firestore":"https://www.gstatic.com/firebasejs/9.9.0/firebase-firestore.js","firestore/lite":"https://www.gstatic.com/firebasejs/9.9.0/firebase-firestore/lite.js","installations":"https://www.gstatic.com/firebasejs/9.9.0/firebase-installations.js","storage":"https://www.gstatic.com/firebasejs/9.9.0/firebase-storage.js","performance":"https://www.gstatic.com/firebasejs/9.9.0/firebase-performance.js","remote-config":"https://www.gstatic.com/firebasejs/9.9.0/firebase-remote-config.js","messaging":"https://www.gstatic.com/firebasejs/9.9.0/firebase-messaging.js","messaging/sw":"https://www.gstatic.com/firebasejs/9.9.0/firebase-messaging/sw.js","database":"https://www.gstatic.com/firebasejs/9.9.0/firebase-database.js","firestore.memory":"https://www.gstatic.com/firebasejs/9.9.0/firebase-firestore.memory.js"}}
[info] i  Skipping write of public/index.html 
[info] 
[info] i  Detected a .git folder at C:\Users\rites\OneDrive\Desktop\movie-app\17 
[info] i  Authorizing with GitHub to upload your service account to a GitHub repository's secrets store. 
[info] 
[info] Visit this URL on this device to log in:
[info] https://github.com/login/oauth/authorize?client_id=89cf50f02ac6aaed3484&state=480917496&redirect_uri=http%3A%2F%2Flocalhost%3A9005&scope=read%3Auser%20repo%20public_repo
[info] 
[info] Waiting for authentication...
[debug] [2022-07-12T04:40:53.064Z] >>> [apiv2][query] POST https://github.com/login/oauth/access_token [none]
[debug] [2022-07-12T04:40:53.064Z] >>> [apiv2][body] POST https://github.com/login/oauth/access_token [stream]
[debug] [2022-07-12T04:40:54.455Z] <<< [apiv2][status] POST https://github.com/login/oauth/access_token 200
[debug] [2022-07-12T04:40:54.456Z] <<< [apiv2][body] POST https://github.com/login/oauth/access_token {"access_token":"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","token_type":"bearer","scope":"read:user,repo"}
[debug] [2022-07-12T04:40:54.487Z] >>> [apiv2][query] GET https://api.github.com/user [none]
[debug] [2022-07-12T04:40:55.848Z] <<< [apiv2][status] GET https://api.github.com/user 200
[debug] [2022-07-12T04:40:55.849Z] <<< [apiv2][body] GET https://api.github.com/user {"login":"riteshsihag","id":73452435,"node_id":"MDQ6VXNlcjczNDUyNDM1","avatar_url":"https://avatars.githubusercontent.com/u/73452435?v=4","gravatar_id":"","url":"https://api.github.com/users/riteshsihag","html_url":"https://github.com/riteshsihag","followers_url":"https://api.github.com/users/riteshsihag/followers","following_url":"https://api.github.com/users/riteshsihag/following{/other_user}","gists_url":"https://api.github.com/users/riteshsihag/gists{/gist_id}","starred_url":"https://api.github.com/users/riteshsihag/starred{/owner}{/repo}","subscriptions_url":"https://api.github.com/users/riteshsihag/subscriptions","organizations_url":"https://api.github.com/users/riteshsihag/orgs","repos_url":"https://api.github.com/users/riteshsihag/repos","events_url":"https://api.github.com/users/riteshsihag/events{/privacy}","received_events_url":"https://api.github.com/users/riteshsihag/received_events","type":"User","site_admin":false,"name":null,"company":null,"blog":"","location":null,"email":null,"hireable":null,"bio":null,"twitter_username":null,"public_repos":9,"public_gists":0,"followers":0,"following":0,"created_at":"2020-10-26T02:03:56Z","updated_at":"2022-07-11T07:35:06Z","private_gists":0,"total_private_repos":0,"owned_private_repos":0,"disk_usage":19763,"collaborators":0,"two_factor_authentication":false,"plan":{"name":"free","space":976562499,"collaborators":0,"private_repos":10000}}
[info] 
[info] +  Success! Logged into GitHub as riteshsihag 
[info] 
